<?xml version="1.0" encoding="UTF-8"?>
<!-- Generated by org.testng.reporters.JUnitReportReporter -->
<testsuite skipped="0" hostname="ACER" name="com.bootcamp.GenerateTableTest" tests="1" failures="0" timestamp="27 oct. 2017 07:54:21 GMT" time="75.997" errors="0">
  <testcase name="generateTables" time="75.997" classname="com.bootcamp.GenerateTableTest"/>
</testsuite> <!-- com.bootcamp.GenerateTableTest -->
