<?xml version="1.0" encoding="UTF-8"?>
<!-- Generated by org.testng.reporters.JUnitReportReporter -->
<testsuite skipped="0" hostname="ACER" name="com.bootcamp.GenerateTableTest" tests="1" failures="0" timestamp="25 oct. 2017 00:09:32 GMT" time="19.389" errors="0">
  <testcase name="generateTables" time="19.389" classname="com.bootcamp.GenerateTableTest"/>
</testsuite> <!-- com.bootcamp.GenerateTableTest -->
