<?xml version="1.0" encoding="UTF-8"?>
<!-- Generated by org.testng.reporters.JUnitReportReporter -->
<testsuite skipped="0" hostname="ACER" name="com.bootcamp.RemplirTableTest" tests="6" failures="0" timestamp="23 oct. 2017 18:42:23 GMT" time="3.727" errors="0">
  <testcase name="ajoutProjet" time="0.405" classname="com.bootcamp.RemplirTableTest"/>
  <testcase name="ajoutBeneficiaire" time="0.411" classname="com.bootcamp.RemplirTableTest"/>
  <testcase name="ajoutLivrable" time="1.106" classname="com.bootcamp.RemplirTableTest"/>
  <testcase name="ajoutFournisseur" time="0.519" classname="com.bootcamp.RemplirTableTest"/>
  <testcase name="ajoutProgramme" time="0.674" classname="com.bootcamp.RemplirTableTest"/>
  <testcase name="ajoutBailleur" time="0.612" classname="com.bootcamp.RemplirTableTest"/>
</testsuite> <!-- com.bootcamp.RemplirTableTest -->
