<?xml version="1.0" encoding="UTF-8"?>
<!-- Generated by org.testng.reporters.JUnitReportReporter -->
<testsuite skipped="0" hostname="ACER" name="com.bootcamp.RemplirTableTest" tests="6" failures="0" timestamp="25 oct. 2017 00:10:49 GMT" time="19.427" errors="0">
  <testcase name="ajoutBailleur" time="16.578" classname="com.bootcamp.RemplirTableTest"/>
  <testcase name="ajoutProgramme" time="0.764" classname="com.bootcamp.RemplirTableTest"/>
  <testcase name="ajoutBeneficiaire" time="0.442" classname="com.bootcamp.RemplirTableTest"/>
  <testcase name="ajoutFournisseur" time="0.463" classname="com.bootcamp.RemplirTableTest"/>
  <testcase name="ajoutLivrable" time="0.475" classname="com.bootcamp.RemplirTableTest"/>
  <testcase name="ajoutProjet" time="0.705" classname="com.bootcamp.RemplirTableTest"/>
</testsuite> <!-- com.bootcamp.RemplirTableTest -->
