<?xml version="1.0" encoding="UTF-8"?>
<!-- Generated by org.testng.reporters.JUnitReportReporter -->
<testsuite skipped="0" hostname="ACER" name="com.bootcamp.RemplirTableTest" tests="6" failures="0" timestamp="27 oct. 2017 07:54:21 GMT" time="5.730" errors="0">
  <testcase name="ajoutBailleur" time="1.130" classname="com.bootcamp.RemplirTableTest"/>
  <testcase name="ajoutFournisseur" time="0.619" classname="com.bootcamp.RemplirTableTest"/>
  <testcase name="ajoutProjet" time="1.589" classname="com.bootcamp.RemplirTableTest"/>
  <testcase name="ajoutLivrable" time="0.708" classname="com.bootcamp.RemplirTableTest"/>
  <testcase name="ajoutBeneficiaire" time="0.785" classname="com.bootcamp.RemplirTableTest"/>
  <testcase name="ajoutProgramme" time="0.899" classname="com.bootcamp.RemplirTableTest"/>
</testsuite> <!-- com.bootcamp.RemplirTableTest -->
