<?xml version="1.0" encoding="UTF-8"?>
<!-- Generated by org.testng.reporters.JUnitReportReporter -->
<testsuite skipped="0" hostname="ACER" name="com.bootcamp.GenerateTableTest" tests="1" failures="0" timestamp="23 oct. 2017 18:42:23 GMT" time="18.223" errors="0">
  <testcase name="generateTables" time="18.223" classname="com.bootcamp.GenerateTableTest"/>
</testsuite> <!-- com.bootcamp.GenerateTableTest -->
